This is pdfTeX, Version 3.14159265-2.6-1.40.20 (TeX Live 2019/Debian) (preloaded format=pdflatex 2023.3.6)  10 MAR 2023 03:08
entering extended mode
 restricted \write18 enabled.
 file:line:error style messages enabled.
 %&-line parsing enabled.
**/home/leo/mine/projects/bachelor-thesis/tex/thesis.tex
(/home/leo/mine/projects/bachelor-thesis/tex/thesis.tex
LaTeX2e <2020-02-02> patch level 2
L3 programming layer <2020-02-14> (/usr/share/texlive/texmf-dist/tex/latex/base/book.cls
Document Class: book 2019/12/20 v1.4l Standard LaTeX document class
(/usr/share/texlive/texmf-dist/tex/latex/base/bk12.clo
File: bk12.clo 2019/12/20 v1.4l Standard LaTeX file (size option)
)
\c@part=\count167
\c@chapter=\count168
\c@section=\count169
\c@subsection=\count170
\c@subsubsection=\count171
\c@paragraph=\count172
\c@subparagraph=\count173
\c@figure=\count174
\c@table=\count175
\abovecaptionskip=\skip47
\belowcaptionskip=\skip48
\bibindent=\dimen134
) (/usr/share/texlive/texmf-dist/tex/latex/geometry/geometry.sty
Package: geometry 2020/01/02 v5.9 Page Geometry
 (/usr/share/texlive/texmf-dist/tex/latex/graphics/keyval.sty
Package: keyval 2014/10/28 v1.15 key=value parser (DPC)
\KV@toks@=\toks14
) (/usr/share/texlive/texmf-dist/tex/generic/iftex/ifvtex.sty
Package: ifvtex 2019/10/25 v1.7 ifvtex legacy package. Use iftex instead.
 (/usr/share/texlive/texmf-dist/tex/generic/iftex/iftex.sty
Package: iftex 2019/11/07 v1.0c TeX engine tests
))
\Gm@cnth=\count176
\Gm@cntv=\count177
\c@Gm@tempcnt=\count178
\Gm@bindingoffset=\dimen135
\Gm@wd@mp=\dimen136
\Gm@odd@mp=\dimen137
\Gm@even@mp=\dimen138
\Gm@layoutwidth=\dimen139
\Gm@layoutheight=\dimen140
\Gm@layouthoffset=\dimen141
\Gm@layoutvoffset=\dimen142
\Gm@dimlist=\toks15
) (/usr/share/texlive/texmf-dist/tex/latex/base/inputenc.sty
Package: inputenc 2018/08/11 v1.3c Input encoding file
\inpenc@prehook=\toks16
\inpenc@posthook=\toks17
) (/usr/share/texlive/texmf-dist/tex/latex/base/fontenc.sty
Package: fontenc 2020/02/11 v2.0o Standard LaTeX package
) (/usr/share/texlive/texmf-dist/tex/generic/babel/babel.sty
Package: babel 2020/02/14 3.40 The Babel package
 (/usr/share/texlive/texmf-dist/tex/generic/babel/switch.def
File: switch.def 2020/02/14 3.40 Babel switching mechanism
) (/usr/share/texlive/texmf-dist/tex/generic/babel-italian/italian.ldf
Language: italian 2019/11/16 v.1.4.03 Italian support for the babel system
 (/usr/share/texlive/texmf-dist/tex/generic/babel/babel.def
File: babel.def 2020/02/14 3.40 Babel common definitions
\babel@savecnt=\count179
\U@D=\dimen143
 (/usr/share/texlive/texmf-dist/tex/generic/babel/txtbabel.def)
\bbl@readstream=\read2
\bbl@dirlevel=\count180
)
\it@lettering=\count181
\it@doublequoteactive=\count182
\it@ISOcompliance=\count183
)) (/usr/share/texlive/texmf-dist/tex/latex/etoolbox/etoolbox.sty
Package: etoolbox 2019/09/21 v2.5h e-TeX tools for LaTeX (JAW)
\etb@tempcnta=\count184
) (/usr/share/texlive/texmf-dist/tex/latex/caption/subcaption.sty
Package: subcaption 2020/01/22 v1.3d Sub-captions (AR)
 (/usr/share/texlive/texmf-dist/tex/latex/caption/caption.sty
Package: caption 2020/01/03 v3.4h Customizing captions (AR)
 (/usr/share/texlive/texmf-dist/tex/latex/caption/caption3.sty
Package: caption3 2020/01/03 v1.8h caption3 kernel (AR)
Package caption3 Info: TeX engine: e-TeX on input line 61.
\captionmargin=\dimen144
\captionmargin@=\dimen145
\captionwidth=\dimen146
\caption@tempdima=\dimen147
\caption@indent=\dimen148
\caption@parindent=\dimen149
\caption@hangindent=\dimen150
Package caption Info: Standard document class detected.
)
\c@caption@flags=\count185
\c@continuedfloat=\count186
)
\c@subfigure=\count187
\c@subtable=\count188
) (/usr/share/texlive/texmf-dist/tex/latex/graphics/graphicx.sty
Package: graphicx 2019/11/30 v1.2a Enhanced LaTeX Graphics (DPC,SPQR)
 (/usr/share/texlive/texmf-dist/tex/latex/graphics/graphics.sty
Package: graphics 2019/11/30 v1.4a Standard LaTeX Graphics (DPC,SPQR)
 (/usr/share/texlive/texmf-dist/tex/latex/graphics/trig.sty
Package: trig 2016/01/03 v1.10 sin cos tan (DPC)
) (/usr/share/texlive/texmf-dist/tex/latex/graphics-cfg/graphics.cfg
File: graphics.cfg 2016/06/04 v1.11 sample graphics configuration
)
Package graphics Info: Driver file: pdftex.def on input line 105.
 (/usr/share/texlive/texmf-dist/tex/latex/graphics-def/pdftex.def
File: pdftex.def 2018/01/08 v1.0l Graphics/color driver for pdftex
))
\Gin@req@height=\dimen151
\Gin@req@width=\dimen152
) (/usr/share/texlive/texmf-dist/tex/latex/fancyhdr/fancyhdr.sty
Package: fancyhdr 2019/01/31 v3.10 Extensive control of page headers and footers
\f@nch@headwidth=\skip49
\f@nch@O@elh=\skip50
\f@nch@O@erh=\skip51
\f@nch@O@olh=\skip52
\f@nch@O@orh=\skip53
\f@nch@O@elf=\skip54
\f@nch@O@erf=\skip55
\f@nch@O@olf=\skip56
\f@nch@O@orf=\skip57
) (/usr/share/texlive/texmf-dist/tex/latex/float/float.sty
Package: float 2001/11/08 v1.3d Float enhancements (AL)
\c@float@type=\count189
\float@exts=\toks18
\float@box=\box45
\@float@everytoks=\toks19
\@floatcapt=\box46
) (/usr/share/texlive/texmf-dist/tex/latex/graphics/color.sty
Package: color 2019/11/23 v1.2a Standard LaTeX Color (DPC)
 (/usr/share/texlive/texmf-dist/tex/latex/graphics-cfg/color.cfg
File: color.cfg 2016/01/02 v1.6 sample color configuration
)
Package color Info: Driver file: pdftex.def on input line 147.
) (/usr/share/texlive/texmf-dist/tex/latex/tocbibind/tocbibind.sty
Package: tocbibind 2010/10/13 v1.5k extra ToC listings
Package tocbibind Info: The document has chapter divisions on input line 50.


Package tocbibind Note: Using chapter style headings, unless overridden.

) (/usr/share/texlive/texmf-dist/tex/latex/emptypage/emptypage.sty
Package: emptypage 2010/05/30 v1.2 Suppress page numbers and headings on empty pages
) (/usr/share/texlive/texmf-dist/tex/latex/hyperref/hyperref.sty
Package: hyperref 2020/01/14 v7.00d Hypertext links for LaTeX
 (/usr/share/texlive/texmf-dist/tex/generic/ltxcmds/ltxcmds.sty
Package: ltxcmds 2019/12/15 v1.24 LaTeX kernel commands for general use (HO)
) (/usr/share/texlive/texmf-dist/tex/latex/pdftexcmds/pdftexcmds.sty
Package: pdftexcmds 2019/11/24 v0.31 Utility functions of pdfTeX for LuaTeX (HO)
 (/usr/share/texlive/texmf-dist/tex/generic/infwarerr/infwarerr.sty
Package: infwarerr 2019/12/03 v1.5 Providing info/warning/error messages (HO)
)
Package pdftexcmds Info: \pdf@primitive is available.
Package pdftexcmds Info: \pdf@ifprimitive is available.
Package pdftexcmds Info: \pdfdraftmode found.
) (/usr/share/texlive/texmf-dist/tex/generic/kvsetkeys/kvsetkeys.sty
Package: kvsetkeys 2019/12/15 v1.18 Key value parser (HO)
) (/usr/share/texlive/texmf-dist/tex/generic/kvdefinekeys/kvdefinekeys.sty
Package: kvdefinekeys 2019-12-19 v1.6 Define keys (HO)
) (/usr/share/texlive/texmf-dist/tex/generic/pdfescape/pdfescape.sty
Package: pdfescape 2019/12/09 v1.15 Implements pdfTeX's escape features (HO)
) (/usr/share/texlive/texmf-dist/tex/latex/hycolor/hycolor.sty
Package: hycolor 2020-01-27 v1.10 Color options for hyperref/bookmark (HO)
) (/usr/share/texlive/texmf-dist/tex/latex/letltxmacro/letltxmacro.sty
Package: letltxmacro 2019/12/03 v1.6 Let assignment for LaTeX macros (HO)
) (/usr/share/texlive/texmf-dist/tex/latex/auxhook/auxhook.sty
Package: auxhook 2019-12-17 v1.6 Hooks for auxiliary files (HO)
) (/usr/share/texlive/texmf-dist/tex/latex/kvoptions/kvoptions.sty
Package: kvoptions 2019/11/29 v3.13 Key value format for package options (HO)
)
\@linkdim=\dimen153
\Hy@linkcounter=\count190
\Hy@pagecounter=\count191
 (/usr/share/texlive/texmf-dist/tex/latex/hyperref/pd1enc.def
File: pd1enc.def 2020/01/14 v7.00d Hyperref: PDFDocEncoding definition (HO)
Now handling font encoding PD1 ...
... no UTF-8 mapping file for font encoding PD1
) (/usr/share/texlive/texmf-dist/tex/generic/intcalc/intcalc.sty
Package: intcalc 2019/12/15 v1.3 Expandable calculations with integers (HO)
) (/usr/share/texlive/texmf-dist/tex/generic/etexcmds/etexcmds.sty
Package: etexcmds 2019/12/15 v1.7 Avoid name clashes with e-TeX commands (HO)
)
\Hy@SavedSpaceFactor=\count192
\pdfmajorversion=\count193
Package hyperref Info: Hyper figures OFF on input line 4547.
Package hyperref Info: Link nesting OFF on input line 4552.
Package hyperref Info: Hyper index ON on input line 4555.
Package hyperref Info: Plain pages OFF on input line 4562.
Package hyperref Info: Backreferencing OFF on input line 4567.
Package hyperref Info: Implicit mode ON; LaTeX internals redefined.
Package hyperref Info: Bookmarks ON on input line 4800.
\c@Hy@tempcnt=\count194
 (/usr/share/texlive/texmf-dist/tex/latex/url/url.sty
\Urlmuskip=\muskip16
Package: url 2013/09/16  ver 3.4  Verb mode for urls, etc.
)
LaTeX Info: Redefining \url on input line 5159.
\XeTeXLinkMargin=\dimen154
 (/usr/share/texlive/texmf-dist/tex/generic/bitset/bitset.sty
Package: bitset 2019/12/09 v1.3 Handle bit-vector datatype (HO)
 (/usr/share/texlive/texmf-dist/tex/generic/bigintcalc/bigintcalc.sty
Package: bigintcalc 2019/12/15 v1.5 Expandable calculations on big integers (HO)
))
\Fld@menulength=\count195
\Field@Width=\dimen155
\Fld@charsize=\dimen156
Package hyperref Info: Hyper figures OFF on input line 6430.
Package hyperref Info: Link nesting OFF on input line 6435.
Package hyperref Info: Hyper index ON on input line 6438.
Package hyperref Info: backreferencing OFF on input line 6445.
Package hyperref Info: Link coloring OFF on input line 6450.
Package hyperref Info: Link coloring with OCG OFF on input line 6455.
Package hyperref Info: PDF/A mode OFF on input line 6460.
LaTeX Info: Redefining \ref on input line 6500.
LaTeX Info: Redefining \pageref on input line 6504.
 (/usr/share/texlive/texmf-dist/tex/generic/atbegshi/atbegshi.sty
Package: atbegshi 2019/12/05 v1.19 At begin shipout hook (HO)
)
\Hy@abspage=\count196
\c@Item=\count197
\c@Hfootnote=\count198
)
Package hyperref Info: Driver (autodetected): hpdftex.
 (/usr/share/texlive/texmf-dist/tex/latex/hyperref/hpdftex.def
File: hpdftex.def 2020/01/14 v7.00d Hyperref driver for pdfTeX
 (/usr/share/texlive/texmf-dist/tex/latex/atveryend/atveryend.sty
Package: atveryend 2019-12-11 v1.11 Hooks at the very end of document (HO)
)
\Fld@listcount=\count199
\c@bookmark@seq@number=\count266
 (/usr/share/texlive/texmf-dist/tex/latex/rerunfilecheck/rerunfilecheck.sty
Package: rerunfilecheck 2019/12/05 v1.9 Rerun checks for auxiliary files (HO)
 (/usr/share/texlive/texmf-dist/tex/generic/uniquecounter/uniquecounter.sty
Package: uniquecounter 2019/12/15 v1.4 Provide unlimited unique counter (HO)
)
Package uniquecounter Info: New unique counter `rerunfilecheck' on input line 286.
)
\Hy@SectionHShift=\skip58
) (/usr/share/texlive/texmf-dist/tex/latex/titlesec/titlesec.sty
Package: titlesec 2019/10/16 v2.13 Sectioning titles
\ttl@box=\box47
\beforetitleunit=\skip59
\aftertitleunit=\skip60
\ttl@plus=\dimen157
\ttl@minus=\dimen158
\ttl@toksa=\toks20
\titlewidth=\dimen159
\titlewidthlast=\dimen160
\titlewidthfirst=\dimen161
) (/usr/share/texlive/texmf-dist/tex/latex/amsfonts/amssymb.sty
Package: amssymb 2013/01/14 v3.01 AMS font symbols
 (/usr/share/texlive/texmf-dist/tex/latex/amsfonts/amsfonts.sty
Package: amsfonts 2013/01/14 v3.01 Basic AMSFonts support
\@emptytoks=\toks21
\symAMSa=\mathgroup4
\symAMSb=\mathgroup5
LaTeX Font Info:    Redeclaring math symbol \hbar on input line 98.
LaTeX Font Info:    Overwriting math alphabet `\mathfrak' in version `bold'
(Font)                  U/euf/m/n --> U/euf/b/n on input line 106.
)) (/usr/share/texlive/texmf-dist/tex/latex/biblatex/biblatex.sty
Package: biblatex 2019/12/01 v3.14 programmable bibliographies (PK/MW)
 (/usr/share/texlive/texmf-dist/tex/latex/logreq/logreq.sty
Package: logreq 2010/08/04 v1.0 xml request logger
\lrq@indent=\count267
 (/usr/share/texlive/texmf-dist/tex/latex/logreq/logreq.def
File: logreq.def 2010/08/04 v1.0 logreq spec v1.0
)) (/usr/share/texlive/texmf-dist/tex/latex/base/ifthen.sty
Package: ifthen 2014/09/29 v1.1c Standard LaTeX ifthen package (DPC)
)
\c@tabx@nest=\count268
\c@listtotal=\count269
\c@listcount=\count270
\c@liststart=\count271
\c@liststop=\count272
\c@citecount=\count273
\c@citetotal=\count274
\c@multicitecount=\count275
\c@multicitetotal=\count276
\c@instcount=\count277
\c@maxnames=\count278
\c@minnames=\count279
\c@maxitems=\count280
\c@minitems=\count281
\c@citecounter=\count282
\c@maxcitecounter=\count283
\c@savedcitecounter=\count284
\c@uniquelist=\count285
\c@uniquename=\count286
\c@refsection=\count287
\c@refsegment=\count288
\c@maxextratitle=\count289
\c@maxextratitleyear=\count290
\c@maxextraname=\count291
\c@maxextradate=\count292
\c@maxextraalpha=\count293
\c@abbrvpenalty=\count294
\c@highnamepenalty=\count295
\c@lownamepenalty=\count296
\c@maxparens=\count297
\c@parenlevel=\count298
\blx@tempcnta=\count299
\blx@tempcntb=\count300
\blx@tempcntc=\count301
\blx@maxsection=\count302
\blx@maxsegment@0=\count303
\blx@notetype=\count304
\blx@parenlevel@text=\count305
\blx@parenlevel@foot=\count306
\blx@sectionciteorder@0=\count307
\blx@entrysetcounter=\count308
\labelnumberwidth=\skip61
\labelalphawidth=\skip62
\biblabelsep=\skip63
\bibitemsep=\skip64
\bibnamesep=\skip65
\bibinitsep=\skip66
\bibparsep=\skip67
\bibhang=\skip68
\blx@bcfin=\read3
\blx@bcfout=\write3
\blx@langwohyphens=\language85
\c@mincomprange=\count309
\c@maxcomprange=\count310
\c@mincompwidth=\count311
Package biblatex Info: Trying to load biblatex default data model...
Package biblatex Info: ... file 'blx-dm.def' found.
 (/usr/share/texlive/texmf-dist/tex/latex/biblatex/blx-dm.def
File: blx-dm.def 2019/12/01 v3.14 biblatex localization (PK/MW)
)
Package biblatex Info: Trying to load biblatex custom data model...
Package biblatex Info: ... file 'biblatex-dm.cfg' not found.
\c@afterword=\count312
\c@savedafterword=\count313
\c@annotator=\count314
\c@savedannotator=\count315
\c@author=\count316
\c@savedauthor=\count317
\c@bookauthor=\count318
\c@savedbookauthor=\count319
\c@commentator=\count320
\c@savedcommentator=\count321
\c@editor=\count322
\c@savededitor=\count323
\c@editora=\count324
\c@savededitora=\count325
\c@editorb=\count326
\c@savededitorb=\count327
\c@editorc=\count328
\c@savededitorc=\count329
\c@foreword=\count330
\c@savedforeword=\count331
\c@holder=\count332
\c@savedholder=\count333
\c@introduction=\count334
\c@savedintroduction=\count335
\c@namea=\count336
\c@savednamea=\count337
\c@nameb=\count338
\c@savednameb=\count339
\c@namec=\count340
\c@savednamec=\count341
\c@translator=\count342
\c@savedtranslator=\count343
\c@shortauthor=\count344
\c@savedshortauthor=\count345
\c@shorteditor=\count346
\c@savedshorteditor=\count347
\c@labelname=\count348
\c@savedlabelname=\count349
\c@institution=\count350
\c@savedinstitution=\count351
\c@lista=\count352
\c@savedlista=\count353
\c@listb=\count354
\c@savedlistb=\count355
\c@listc=\count356
\c@savedlistc=\count357
\c@listd=\count358
\c@savedlistd=\count359
\c@liste=\count360
\c@savedliste=\count361
\c@listf=\count362
\c@savedlistf=\count363
\c@location=\count364
\c@savedlocation=\count365
\c@organization=\count366
\c@savedorganization=\count367
\c@origlocation=\count368
\c@savedoriglocation=\count369
\c@origpublisher=\count370
\c@savedorigpublisher=\count371
\c@publisher=\count372
\c@savedpublisher=\count373
\c@language=\count374
\c@savedlanguage=\count375
\c@origlanguage=\count376
\c@savedoriglanguage=\count377
\c@pageref=\count378
\c@savedpageref=\count379
\shorthandwidth=\skip69
\shortjournalwidth=\skip70
\shortserieswidth=\skip71
\shorttitlewidth=\skip72
\shortauthorwidth=\skip73
\shorteditorwidth=\skip74
\locallabelnumberwidth=\skip75
\locallabelalphawidth=\skip76
\localshorthandwidth=\skip77
\localshortjournalwidth=\skip78
\localshortserieswidth=\skip79
\localshorttitlewidth=\skip80
\localshortauthorwidth=\skip81
\localshorteditorwidth=\skip82
Package biblatex Info: Trying to load compatibility code...
Package biblatex Info: ... file 'blx-compat.def' found.
 (/usr/share/texlive/texmf-dist/tex/latex/biblatex/blx-compat.def
File: blx-compat.def 2019/12/01 v3.14 biblatex compatibility (PK/MW)
)
Package biblatex Info: Trying to load BibTeX backend compatibility...
Package biblatex Info: ... file 'blx-bibtex.def' found.
 (/usr/share/texlive/texmf-dist/tex/latex/biblatex/blx-bibtex.def
File: blx-bibtex.def 2019/12/01 v3.14 biblatex compatibility (PK/MW)


Package biblatex Warning: Using fall-back BibTeX(8) backend:
(biblatex)                functionality may be reduced/unavailable.

)
Package biblatex Info: Trying to load generic definitions...
Package biblatex Info: ... file 'biblatex.def' found.
 (/usr/share/texlive/texmf-dist/tex/latex/biblatex/biblatex.def
File: biblatex.def 2019/12/01 v3.14 biblatex compatibility (PK/MW)
\c@textcitecount=\count380
\c@textcitetotal=\count381
\c@textcitemaxnames=\count382
\c@biburlbigbreakpenalty=\count383
\c@biburlbreakpenalty=\count384
\c@biburlnumpenalty=\count385
\c@biburlucpenalty=\count386
\c@biburllcpenalty=\count387
\biburlbigskip=\muskip17
\biburlnumskip=\muskip18
\biburlucskip=\muskip19
\biburllcskip=\muskip20
\c@smartand=\count388
)
Package biblatex Info: Trying to load bibliography style 'numeric'...
Package biblatex Info: ... file 'numeric.bbx' found.
 (/usr/share/texlive/texmf-dist/tex/latex/biblatex/bbx/numeric.bbx
File: numeric.bbx 2019/12/01 v3.14 biblatex bibliography style (PK/MW)
Package biblatex Info: Trying to load bibliography style 'standard'...
Package biblatex Info: ... file 'standard.bbx' found.
 (/usr/share/texlive/texmf-dist/tex/latex/biblatex/bbx/standard.bbx
File: standard.bbx 2019/12/01 v3.14 biblatex bibliography style (PK/MW)
\c@bbx:relatedcount=\count389
\c@bbx:relatedtotal=\count390
))
Package biblatex Info: Trying to load citation style 'numeric'...
Package biblatex Info: ... file 'numeric.cbx' found.
 (/usr/share/texlive/texmf-dist/tex/latex/biblatex/cbx/numeric.cbx
File: numeric.cbx 2019/12/01 v3.14 biblatex citation style (PK/MW)
Package biblatex Info: Redefining '\cite'.
Package biblatex Info: Redefining '\parencite'.
Package biblatex Info: Redefining '\footcite'.
Package biblatex Info: Redefining '\footcitetext'.
Package biblatex Info: Redefining '\smartcite'.
Package biblatex Info: Redefining '\supercite'.
Package biblatex Info: Redefining '\textcite'.
Package biblatex Info: Redefining '\textcites'.
Package biblatex Info: Redefining '\cites'.
Package biblatex Info: Redefining '\parencites'.
Package biblatex Info: Redefining '\smartcites'.
)
Package biblatex Info: Trying to load configuration file...
Package biblatex Info: ... file 'biblatex.cfg' found.
 (/usr/share/texlive/texmf-dist/tex/latex/biblatex/biblatex.cfg
File: biblatex.cfg 
)) (/usr/share/texlive/texmf-dist/tex/latex/csquotes/csquotes.sty
Package: csquotes 2019-12-06 v5.2j context-sensitive quotations (JAW)
\csq@reset=\count391
\csq@gtype=\count392
\csq@glevel=\count393
\csq@qlevel=\count394
\csq@maxlvl=\count395
\csq@tshold=\count396
\csq@ltx@everypar=\toks22
 (/usr/share/texlive/texmf-dist/tex/latex/csquotes/csquotes.def
File: csquotes.def 2019-12-06 v5.2j csquotes generic definitions (JAW)
)
Package csquotes Info: Trying to load configuration file 'csquotes.cfg'...
Package csquotes Info: ... configuration file loaded successfully.
 (/usr/share/texlive/texmf-dist/tex/latex/csquotes/csquotes.cfg
File: csquotes.cfg 
)) (/usr/share/texlive/texmf-dist/tex/latex/pdfpages/pdfpages.sty
Package: pdfpages 2020/01/28 v0.5q Insert pages of external PDF documents (AM)
 (/usr/share/texlive/texmf-dist/tex/latex/tools/calc.sty
Package: calc 2017/05/25 v4.3 Infix arithmetic (KKT,FJ)
\calc@Acount=\count397
\calc@Bcount=\count398
\calc@Adimen=\dimen162
\calc@Bdimen=\dimen163
\calc@Askip=\skip83
\calc@Bskip=\skip84
LaTeX Info: Redefining \setlength on input line 80.
LaTeX Info: Redefining \addtolength on input line 81.
\calc@Ccount=\count399
\calc@Cskip=\skip85
) (/usr/share/texlive/texmf-dist/tex/latex/eso-pic/eso-pic.sty
Package: eso-pic 2018/04/12 v2.0h eso-pic (RN)
)
\AM@pagewidth=\dimen164
\AM@pageheight=\dimen165
 (/usr/share/texlive/texmf-dist/tex/latex/pdfpages/pppdftex.def
File: pppdftex.def 2020/01/28 v0.5q Pdfpages driver for pdfTeX (AM)
)
\AM@pagebox=\box48
\AM@global@opts=\toks23
\AM@pagecnt=\count400
\AM@toc@title=\toks24
\c@AM@survey=\count401
\AM@templatesizebox=\box49
) (/usr/share/texlive/texmf-dist/tex/latex/amsmath/amsmath.sty
Package: amsmath 2020/01/20 v2.17e AMS math features
\@mathmargin=\skip86

For additional information on amsmath, use the `?' option.
(/usr/share/texlive/texmf-dist/tex/latex/amsmath/amstext.sty
Package: amstext 2000/06/29 v2.01 AMS text
 (/usr/share/texlive/texmf-dist/tex/latex/amsmath/amsgen.sty
File: amsgen.sty 1999/11/30 v2.0 generic functions
\@emptytoks=\toks25
\ex@=\dimen166
)) (/usr/share/texlive/texmf-dist/tex/latex/amsmath/amsbsy.sty
Package: amsbsy 1999/11/29 v1.2d Bold Symbols
\pmbraise@=\dimen167
) (/usr/share/texlive/texmf-dist/tex/latex/amsmath/amsopn.sty
Package: amsopn 2016/03/08 v2.02 operator names
)
\inf@bad=\count402
LaTeX Info: Redefining \frac on input line 227.
\uproot@=\count403
\leftroot@=\count404
LaTeX Info: Redefining \overline on input line 389.
\classnum@=\count405
\DOTSCASE@=\count406
LaTeX Info: Redefining \ldots on input line 486.
LaTeX Info: Redefining \dots on input line 489.
LaTeX Info: Redefining \cdots on input line 610.
\Mathstrutbox@=\box50
\strutbox@=\box51
\big@size=\dimen168
LaTeX Font Info:    Redeclaring font encoding OML on input line 733.
LaTeX Font Info:    Redeclaring font encoding OMS on input line 734.
\macc@depth=\count407
\c@MaxMatrixCols=\count408
\dotsspace@=\muskip21
\c@parentequation=\count409
\dspbrk@lvl=\count410
\tag@help=\toks26
\row@=\count411
\column@=\count412
\maxfields@=\count413
\andhelp@=\toks27
\eqnshift@=\dimen169
\alignsep@=\dimen170
\tagshift@=\dimen171
\tagwidth@=\dimen172
\totwidth@=\dimen173
\lineht@=\dimen174
\@envbody=\toks28
\multlinegap=\skip87
\multlinetaggap=\skip88
\mathdisplay@stack=\toks29
LaTeX Info: Redefining \[ on input line 2859.
LaTeX Info: Redefining \] on input line 2860.
) (/usr/share/texlive/texmf-dist/tex/latex/placeins/placeins.sty
Package: placeins 2005/04/18  v 2.2
) (/usr/share/texlive/texmf-dist/tex/latex/mdwtools/footnote.sty
Package: footnote 1997/01/28 1.13 Save footnotes around boxes
\fn@notes=\box52
\fn@width=\dimen175
) (/usr/share/texlive/texmf-dist/tex/latex/import/import.sty
Package: import 2009/03/23  v 5.1
) (/usr/share/texlive/texmf-dist/tex/latex/xcolor/xcolor.sty
Package: xcolor 2016/05/11 v2.12 LaTeX color extensions (UK)
 (/usr/share/texlive/texmf-dist/tex/latex/graphics-cfg/color.cfg
File: color.cfg 2016/01/02 v1.6 sample color configuration
)
Package xcolor Info: Driver file: pdftex.def on input line 225.
LaTeX Info: Redefining \color on input line 709.
Package xcolor Info: Model `cmy' substituted by `cmy0' on input line 1348.
Package xcolor Info: Model `hsb' substituted by `rgb' on input line 1352.
Package xcolor Info: Model `RGB' extended on input line 1364.
Package xcolor Info: Model `HTML' substituted by `rgb' on input line 1366.
Package xcolor Info: Model `Hsb' substituted by `hsb' on input line 1367.
Package xcolor Info: Model `tHsb' substituted by `hsb' on input line 1368.
Package xcolor Info: Model `HSB' substituted by `hsb' on input line 1369.
Package xcolor Info: Model `Gray' substituted by `gray' on input line 1370.
Package xcolor Info: Model `wave' substituted by `hsb' on input line 1371.
)
Package csquotes Info: Checking for multilingual support...
Package csquotes Info: ... found 'babel' package.
Package csquotes Info: Adjusting default style.
Package csquotes Info: Redefining alias 'default' -> 'italian'.
 (/usr/share/texlive/texmf-dist/tex/latex/l3backend/l3backend-pdfmode.def
File: l3backend-pdfmode.def 2020-02-03 L3 backend support: PDF mode
\l__kernel_color_stack_int=\count414
\l__pdf_internal_box=\box53
) (/home/leo/mine/projects/bachelor-thesis/tex/thesis.aux)
\openout1 = `thesis.aux'.

LaTeX Font Info:    Checking defaults for OML/cmm/m/it on input line 42.
LaTeX Font Info:    ... okay on input line 42.
LaTeX Font Info:    Checking defaults for OMS/cmsy/m/n on input line 42.
LaTeX Font Info:    ... okay on input line 42.
LaTeX Font Info:    Checking defaults for OT1/cmr/m/n on input line 42.
LaTeX Font Info:    ... okay on input line 42.
LaTeX Font Info:    Checking defaults for T1/cmr/m/n on input line 42.
LaTeX Font Info:    ... okay on input line 42.
LaTeX Font Info:    Checking defaults for TS1/cmr/m/n on input line 42.
LaTeX Font Info:    ... okay on input line 42.
LaTeX Font Info:    Checking defaults for OMX/cmex/m/n on input line 42.
LaTeX Font Info:    ... okay on input line 42.
LaTeX Font Info:    Checking defaults for U/cmr/m/n on input line 42.
LaTeX Font Info:    ... okay on input line 42.
LaTeX Font Info:    Checking defaults for PD1/pdf/m/n on input line 42.
LaTeX Font Info:    ... okay on input line 42.

*geometry* driver: auto-detecting
*geometry* detected driver: pdftex
*geometry* verbose mode - [ preamble ] result:
* driver: pdftex
* paper: a4paper
* layout: <same size as paper>
* layoutoffset:(h,v)=(0.0pt,0.0pt)
* bindingoffset: 17.07164pt
* modes: twoside 
* h-part:(L,W,R)=(61.45795pt, 426.79134pt, 92.18695pt)
* v-part:(T,H,B)=(71.13188pt, 702.78308pt, 71.13188pt)
* \paperwidth=597.50787pt
* \paperheight=845.04684pt
* \textwidth=426.79134pt
* \textheight=702.78308pt
* \oddsidemargin=6.2596pt
* \evensidemargin=19.91696pt
* \topmargin=-33.0119pt
* \headheight=15.0pt
* \headsep=19.8738pt
* \topskip=12.0pt
* \footskip=30.0pt
* \marginparwidth=98.0pt
* \marginparsep=7.0pt
* \columnsep=10.0pt
* \skip\footins=10.8pt plus 4.0pt minus 2.0pt
* \hoffset=0.0pt
* \voffset=0.0pt
* \mag=1000
* \@twocolumnfalse
* \@twosidetrue
* \@mparswitchtrue
* \@reversemarginfalse
* (1in=72.27pt=25.4mm, 1cm=28.453pt)

LaTeX Info: Redefining \it@ocap on input line 42.
LaTeX Info: Redefining \it@ccap on input line 42.
Package caption Info: Begin \AtBeginDocument code.
Package caption Info: float package is loaded.
Package caption Info: hyperref package is loaded.
Package caption Info: End \AtBeginDocument code.
(/usr/share/texlive/texmf-dist/tex/context/base/mkii/supp-pdf.mkii
[Loading MPS to PDF converter (version 2006.09.02).]
\scratchcounter=\count415
\scratchdimen=\dimen176
\scratchbox=\box54
\nofMPsegments=\count416
\nofMParguments=\count417
\everyMPshowfont=\toks30
\MPscratchCnt=\count418
\MPscratchDim=\dimen177
\MPnumerator=\count419
\makeMPintoPDFobject=\count420
\everyMPtoPDFconversion=\toks31
) (/usr/share/texlive/texmf-dist/tex/latex/epstopdf-pkg/epstopdf-base.sty
Package: epstopdf-base 2020-01-24 v2.11 Base part for package epstopdf
Package epstopdf-base Info: Redefining graphics rule for `.eps' on input line 485.
 (/usr/share/texlive/texmf-dist/tex/latex/latexconfig/epstopdf-sys.cfg
File: epstopdf-sys.cfg 2010/07/13 v1.3 Configuration of (r)epstopdf for TeX Live
))
\AtBeginShipoutBox=\box55
Package hyperref Info: Link coloring OFF on input line 42.
 (/usr/share/texlive/texmf-dist/tex/latex/hyperref/nameref.sty
Package: nameref 2019/09/16 v2.46 Cross-referencing by name of section
 (/usr/share/texlive/texmf-dist/tex/latex/refcount/refcount.sty
Package: refcount 2019/12/15 v3.6 Data extraction from label references (HO)
) (/usr/share/texlive/texmf-dist/tex/generic/gettitlestring/gettitlestring.sty
Package: gettitlestring 2019/12/15 v1.6 Cleanup title references (HO)
)
\c@section@level=\count421
)
LaTeX Info: Redefining \ref on input line 42.
LaTeX Info: Redefining \pageref on input line 42.
LaTeX Info: Redefining \nameref on input line 42.
 (/home/leo/mine/projects/bachelor-thesis/tex/thesis.out) (/home/leo/mine/projects/bachelor-thesis/tex/thesis.out)
\@outlinefile=\write4
\openout4 = `thesis.out'.

Package biblatex Info: Trying to load language 'italian'...
Package biblatex Info: ... file 'italian.lbx' found.
 (/usr/share/texlive/texmf-dist/tex/latex/biblatex/lbx/italian.lbx
File: italian.lbx 2019/12/01 v3.14 biblatex localization (PK/MW)
)
Package biblatex Info: Input encoding 'utf8' detected.
Package biblatex Info: Automatic encoding selection.
(biblatex)             Assuming data encoding 'utf8'.
Package biblatex Info: Input encoding 'utf8' specified.
Package biblatex Info: Data encoding 'utf8' specified.
(biblatex)             No need to reencode data.
\openout3 = `thesis-blx.bib'.

Package biblatex Info: Trying to load bibliographic data...
Package biblatex Info: ... file 'thesis.bbl' found.
 (/home/leo/mine/projects/bachelor-thesis/tex/thesis.bbl

Package biblatex Warning: BibTeX reported the following issues
(biblatex)                with '10.5555/2671225.2671275':
(biblatex)                - Can't use 'location' + 'address'.


Package biblatex Warning: BibTeX reported the following issues
(biblatex)                with '10.1145/22145.22178':
(biblatex)                - Can't use 'location' + 'address'.

)
Package biblatex Info: Reference section=0 on input line 42.
Package biblatex Info: Reference segment=0 on input line 42.
 (/usr/share/texlive/texmf-dist/tex/latex/pdflscape/pdflscape.sty
Package: pdflscape 2019/12/05 v0.12 Display of landscape pages in PDF (HO)
 (/usr/share/texlive/texmf-dist/tex/latex/graphics/lscape.sty
Package: lscape 2000/10/22 v3.01 Landscape Pages (DPC)
)
Package pdflscape Info: Auto-detected driver: pdftex on input line 81.
)
<chapters/0.frontpage/front.pdf, id=107, 597.50829pt x 845.0471pt>
File: chapters/0.frontpage/front.pdf Graphic file (type pdf)
<use chapters/0.frontpage/front.pdf>
Package pdftex.def Info: chapters/0.frontpage/front.pdf  used on input line 44.
(pdftex.def)             Requested size: 597.50682pt x 845.04504pt.
File: chapters/0.frontpage/front.pdf Graphic file (type pdf)
<use chapters/0.frontpage/front.pdf>
Package pdftex.def Info: chapters/0.frontpage/front.pdf  used on input line 44.
(pdftex.def)             Requested size: 597.50682pt x 845.04504pt.
<chapters/0.frontpage/front.pdf, id=110, page=1, 597.50829pt x 845.0471pt>
File: chapters/0.frontpage/front.pdf Graphic file (type pdf)
<use chapters/0.frontpage/front.pdf, page 1>
Package pdftex.def Info: chapters/0.frontpage/front.pdf , page1 used on input line 44.
(pdftex.def)             Requested size: 597.50682pt x 845.04504pt.
File: chapters/0.frontpage/front.pdf Graphic file (type pdf)
<use chapters/0.frontpage/front.pdf, page 1>
Package pdftex.def Info: chapters/0.frontpage/front.pdf , page1 used on input line 44.
(pdftex.def)             Requested size: 597.53416pt x 845.08372pt.
File: chapters/0.frontpage/front.pdf Graphic file (type pdf)
<use chapters/0.frontpage/front.pdf, page 1>
Package pdftex.def Info: chapters/0.frontpage/front.pdf , page1 used on input line 44.
(pdftex.def)             Requested size: 597.53416pt x 845.08372pt.
File: chapters/0.frontpage/front.pdf Graphic file (type pdf)
<use chapters/0.frontpage/front.pdf, page 1>
Package pdftex.def Info: chapters/0.frontpage/front.pdf , page1 used on input line 44.
(pdftex.def)             Requested size: 597.53416pt x 845.08372pt.
File: chapters/0.frontpage/front.pdf Graphic file (type pdf)
<use chapters/0.frontpage/front.pdf, page 1>
Package pdftex.def Info: chapters/0.frontpage/front.pdf , page1 used on input line 44.
(pdftex.def)             Requested size: 597.53416pt x 845.08372pt.
 [1

 </home/leo/mine/projects/bachelor-thesis/tex/chapters/0.frontpage/front.pdf{/var/lib/texmf/fonts/map/pdftex/updmap/pdftex.map}>] [2

] [3] [4

] (/home/leo/mine/projects/bachelor-thesis/tex/thesis.toc
LaTeX Font Info:    Trying to load font information for U+msa on input line 11.
 (/usr/share/texlive/texmf-dist/tex/latex/amsfonts/umsa.fd
File: umsa.fd 2013/01/14 v3.01 AMS symbols A
)
LaTeX Font Info:    Trying to load font information for U+msb on input line 11.
 (/usr/share/texlive/texmf-dist/tex/latex/amsfonts/umsb.fd
File: umsb.fd 2013/01/14 v3.01 AMS symbols B
)
Underfull \vbox (badness 2073) has occurred while \output is active []

 [5

])
\tf@toc=\write5
\openout5 = `thesis.toc'.

 [6] (/home/leo/mine/projects/bachelor-thesis/tex/thesis.lof
Underfull \vbox (badness 1082) has occurred while \output is active []

 [7

])
\tf@lof=\write6
\openout6 = `thesis.lof'.

 (/home/leo/mine/projects/bachelor-thesis/tex/chapters/0.introduction/introduction.tex [8] [9

]
LaTeX Font Info:    Trying to load font information for T1+cmtt on input line 35.
 (/usr/share/texlive/texmf-dist/tex/latex/base/t1cmtt.fd
File: t1cmtt.fd 2019/12/16 v2.5j Standard LaTeX font definitions
)) (/home/leo/mine/projects/bachelor-thesis/tex/chapters/1.state-of-art/state-of-art.tex [10

]
Capitolo 1.
(/home/leo/mine/projects/bachelor-thesis/tex/chapters/1.state-of-art/sections/denial-of-service.tex
<./chapters/1.state-of-art/images/1.fixed_window.png, id=302, 2523.4275pt x 1031.855pt>
File: ./chapters/1.state-of-art/images/1.fixed_window.png Graphic file (type png)
<use ./chapters/1.state-of-art/images/1.fixed_window.png>
Package pdftex.def Info: ./chapters/1.state-of-art/images/1.fixed_window.png  used on input line 29.
(pdftex.def)             Requested size: 369.88582pt x 151.24472pt.
 [11

]
<./chapters/1.state-of-art/images/2.token_bucket.png, id=309, 2743.24875pt x 1230.5975pt>
File: ./chapters/1.state-of-art/images/2.token_bucket.png Graphic file (type png)
<use ./chapters/1.state-of-art/images/2.token_bucket.png>
Package pdftex.def Info: ./chapters/1.state-of-art/images/2.token_bucket.png  used on input line 43.
(pdftex.def)             Requested size: 369.88582pt x 165.91695pt.
<./chapters/1.state-of-art/images/3.leaky_bucket.png, id=310, 3289.28876pt x 1114.1625pt>
File: ./chapters/1.state-of-art/images/3.leaky_bucket.png Graphic file (type png)
<use ./chapters/1.state-of-art/images/3.leaky_bucket.png>
Package pdftex.def Info: ./chapters/1.state-of-art/images/3.leaky_bucket.png  used on input line 55.
(pdftex.def)             Requested size: 369.88582pt x 125.27837pt.
 [12 <./chapters/1.state-of-art/images/1.fixed_window.png> <./chapters/1.state-of-art/images/2.token_bucket.png>]
<./chapters/1.state-of-art/images/4.sliding_window.png, id=315, 2525.435pt x 1077.02374pt>
File: ./chapters/1.state-of-art/images/4.sliding_window.png Graphic file (type png)
<use ./chapters/1.state-of-art/images/4.sliding_window.png>
Package pdftex.def Info: ./chapters/1.state-of-art/images/4.sliding_window.png  used on input line 68.
(pdftex.def)             Requested size: 369.88582pt x 157.73389pt.
) [13 <./chapters/1.state-of-art/images/3.leaky_bucket.png> <./chapters/1.state-of-art/images/4.sliding_window.png>] (/home/leo/mine/projects/bachelor-thesis/tex/chapters/1.state-of-art/sections/zk-snark.tex [14

]
<./chapters/1.state-of-art/images/5.1.alibaba_cave.png, id=336, 775.89874pt x 543.02875pt>
File: ./chapters/1.state-of-art/images/5.1.alibaba_cave.png Graphic file (type png)
<use ./chapters/1.state-of-art/images/5.1.alibaba_cave.png>
Package pdftex.def Info: ./chapters/1.state-of-art/images/5.1.alibaba_cave.png  used on input line 68.
(pdftex.def)             Requested size: 142.26378pt x 99.56386pt.
<./chapters/1.state-of-art/images/5.2.alibaba_cave.png, id=338, 668.4975pt x 543.02875pt>
File: ./chapters/1.state-of-art/images/5.2.alibaba_cave.png Graphic file (type png)
<use ./chapters/1.state-of-art/images/5.2.alibaba_cave.png>
Package pdftex.def Info: ./chapters/1.state-of-art/images/5.2.alibaba_cave.png  used on input line 79.
(pdftex.def)             Requested size: 113.81102pt x 92.44623pt.
<./chapters/1.state-of-art/images/5.3.alibaba_cave.png, id=339, 668.4975pt x 543.02875pt>
File: ./chapters/1.state-of-art/images/5.3.alibaba_cave.png Graphic file (type png)
<use ./chapters/1.state-of-art/images/5.3.alibaba_cave.png>
Package pdftex.def Info: ./chapters/1.state-of-art/images/5.3.alibaba_cave.png  used on input line 85.
(pdftex.def)             Requested size: 113.81102pt x 92.44623pt.
 [15 <./chapters/1.state-of-art/images/5.1.alibaba_cave.png>]
<./chapters/1.state-of-art/images/6.hope_evaluation.png, id=350, 499.8675pt x 439.6425pt>
File: ./chapters/1.state-of-art/images/6.hope_evaluation.png Graphic file (type png)
<use ./chapters/1.state-of-art/images/6.hope_evaluation.png>
Package pdftex.def Info: ./chapters/1.state-of-art/images/6.hope_evaluation.png  used on input line 127.
(pdftex.def)             Requested size: 256.0748pt x 225.22766pt.
 [16 <./chapters/1.state-of-art/images/5.2.alibaba_cave.png> <./chapters/1.state-of-art/images/5.3.alibaba_cave.png>] [17 <./chapters/1.state-of-art/images/6.hope_evaluation.png>]
<./chapters/1.state-of-art/images/7.schwartz_zippel_lemma.png, id=369, 343.2825pt x 305.34074pt>
File: ./chapters/1.state-of-art/images/7.schwartz_zippel_lemma.png Graphic file (type png)
<use ./chapters/1.state-of-art/images/7.schwartz_zippel_lemma.png>
Package pdftex.def Info: ./chapters/1.state-of-art/images/7.schwartz_zippel_lemma.png  used on input line 177.
(pdftex.def)             Requested size: 284.52756pt x 253.07866pt.
 [18

 <./chapters/1.state-of-art/images/7.schwartz_zippel_lemma.png>]
<./chapters/1.state-of-art/images/8.comp_qap.png, id=381, 690.78075pt x 191.5155pt>
File: ./chapters/1.state-of-art/images/8.comp_qap.png Graphic file (type png)
<use ./chapters/1.state-of-art/images/8.comp_qap.png>
Package pdftex.def Info: ./chapters/1.state-of-art/images/8.comp_qap.png  used on input line 199.
(pdftex.def)             Requested size: 398.33858pt x 110.44199pt.
 [19

 <./chapters/1.state-of-art/images/8.comp_qap.png>]
<./chapters/1.state-of-art/images/9.comp_circ.png, id=395, 1528.71124pt x 534.99875pt>
File: ./chapters/1.state-of-art/images/9.comp_circ.png Graphic file (type png)
<use ./chapters/1.state-of-art/images/9.comp_circ.png>
Package pdftex.def Info: ./chapters/1.state-of-art/images/9.comp_circ.png  used on input line 216.
(pdftex.def)             Requested size: 398.33858pt x 139.4066pt.
<./chapters/1.state-of-art/images/10.check_r1cs.png, id=396, 1273.75874pt x 447.6725pt>
File: ./chapters/1.state-of-art/images/10.check_r1cs.png Graphic file (type png)
<use ./chapters/1.state-of-art/images/10.check_r1cs.png>
Package pdftex.def Info: ./chapters/1.state-of-art/images/10.check_r1cs.png  used on input line 279.
(pdftex.def)             Requested size: 426.79134pt x 149.99341pt.
 [20

 <./chapters/1.state-of-art/images/9.comp_circ.png>] [21 <./chapters/1.state-of-art/images/10.check_r1cs.png>] [22] [23

]
<./chapters/1.state-of-art/images/11.trusted_setups.png, id=425, 537.00626pt x 413.545pt>
File: ./chapters/1.state-of-art/images/11.trusted_setups.png Graphic file (type png)
<use ./chapters/1.state-of-art/images/11.trusted_setups.png>
Package pdftex.def Info: ./chapters/1.state-of-art/images/11.trusted_setups.png  used on input line 434.
(pdftex.def)             Requested size: 284.52756pt x 219.1147pt.
<./chapters/1.state-of-art/images/12.trusted_models.png, id=428, 642.4pt x 569.12625pt>
File: ./chapters/1.state-of-art/images/12.trusted_models.png Graphic file (type png)
<use ./chapters/1.state-of-art/images/12.trusted_models.png>
Package pdftex.def Info: ./chapters/1.state-of-art/images/12.trusted_models.png  used on input line 462.
(pdftex.def)             Requested size: 284.52756pt x 252.075pt.

Underfull \vbox (badness 1314) has occurred while \output is active []

 [24

 <./chapters/1.state-of-art/images/11.trusted_setups.png>] [25 <./chapters/1.state-of-art/images/12.trusted_models.png>]
<./chapters/1.state-of-art/images/13.power_of_tao.png, id=448, 748.7975pt x 202.7575pt>
File: ./chapters/1.state-of-art/images/13.power_of_tao.png Graphic file (type png)
<use ./chapters/1.state-of-art/images/13.power_of_tao.png>
Package pdftex.def Info: ./chapters/1.state-of-art/images/13.power_of_tao.png  used on input line 503.
(pdftex.def)             Requested size: 369.88582pt x 100.15643pt.
<./chapters/1.state-of-art/images/14.diff_zk.png, id=451, 602.25pt x 334.24875pt>
File: ./chapters/1.state-of-art/images/14.diff_zk.png Graphic file (type png)
<use ./chapters/1.state-of-art/images/14.diff_zk.png>
Package pdftex.def Info: ./chapters/1.state-of-art/images/14.diff_zk.png  used on input line 525.
(pdftex.def)             Requested size: 369.88582pt x 205.29399pt.
)) (/home/leo/mine/projects/bachelor-thesis/tex/chapters/2.rln-protocol/rln-protocol.tex [26 <./chapters/1.state-of-art/images/13.power_of_tao.png>] [27 <./chapters/1.state-of-art/images/14.diff_zk.png>] [28

]
Capitolo 2.

Underfull \vbox (badness 10000) has occurred while \output is active []

 [29] (/home/leo/mine/projects/bachelor-thesis/tex/chapters/2.rln-protocol/sections/tools.tex
<./chapters/2.rln-protocol/images/1.merkle_tree.png, id=485, 1228.59pt x 584.1825pt>
File: ./chapters/2.rln-protocol/images/1.merkle_tree.png Graphic file (type png)
<use ./chapters/2.rln-protocol/images/1.merkle_tree.png>
Package pdftex.def Info: ./chapters/2.rln-protocol/images/1.merkle_tree.png  used on input line 13.
(pdftex.def)             Requested size: 369.88582pt x 175.88007pt.
<./chapters/2.rln-protocol/images/2.merkle_proof.png, id=486, 1228.59pt x 585.18625pt>
File: ./chapters/2.rln-protocol/images/2.merkle_proof.png Graphic file (type png)
<use ./chapters/2.rln-protocol/images/2.merkle_proof.png>
Package pdftex.def Info: ./chapters/2.rln-protocol/images/2.merkle_proof.png  used on input line 30.
(pdftex.def)             Requested size: 398.33858pt x 189.72787pt.
 [30 <./chapters/2.rln-protocol/images/1.merkle_tree.png>]
<./chapters/2.rln-protocol/images/3.poseidon_comparison.png, id=494, 641.9985pt x 307.1475pt>
File: ./chapters/2.rln-protocol/images/3.poseidon_comparison.png Graphic file (type png)
<use ./chapters/2.rln-protocol/images/3.poseidon_comparison.png>
Package pdftex.def Info: ./chapters/2.rln-protocol/images/3.poseidon_comparison.png  used on input line 59.
(pdftex.def)             Requested size: 398.33858pt x 190.57945pt.

Underfull \hbox (badness 10000) in paragraph at lines 40--63

 []

[31 <./chapters/2.rln-protocol/images/2.merkle_proof.png>]
<./chapters/2.rln-protocol/images/4.nullifier.png, id=503, 482.80376pt x 452.69125pt>
File: ./chapters/2.rln-protocol/images/4.nullifier.png Graphic file (type png)
<use ./chapters/2.rln-protocol/images/4.nullifier.png>
Package pdftex.def Info: ./chapters/2.rln-protocol/images/4.nullifier.png  used on input line 77.
(pdftex.def)             Requested size: 284.52756pt x 266.7885pt.
 [32 <./chapters/2.rln-protocol/images/3.poseidon_comparison.png>])
Overfull \hbox (2.59682pt too wide) in paragraph at lines 82--36
[]\T1/cmr/m/n/12 Dalla de-scri-zio-ne for-ni-ta po-treb-be su-bi-to ve-ni-re in men-te il con-cet-to di "rate-limiting"
 []

<./chapters/2.rln-protocol/images/5.rln_flow.png, id=511, 2385.91376pt x 1505.625pt>
File: ./chapters/2.rln-protocol/images/5.rln_flow.png Graphic file (type png)
<use ./chapters/2.rln-protocol/images/5.rln_flow.png>
Package pdftex.def Info: ./chapters/2.rln-protocol/images/5.rln_flow.png  used on input line 40.
(pdftex.def)             Requested size: 369.88582pt x 233.4154pt.
(/home/leo/mine/projects/bachelor-thesis/tex/chapters/2.rln-protocol/sections/registration.tex [33 <./chapters/2.rln-protocol/images/4.nullifier.png> <./chapters/2.rln-protocol/images/5.rln_flow.png>]) (/home/leo/mine/projects/bachelor-thesis/tex/chapters/2.rln-protocol/sections/signalling.tex [34]
<./chapters/2.rln-protocol/images/6.a_0_interpolation.png, id=527, 729.72626pt x 592.2125pt>
File: ./chapters/2.rln-protocol/images/6.a_0_interpolation.png Graphic file (type png)
<use ./chapters/2.rln-protocol/images/6.a_0_interpolation.png>
Package pdftex.def Info: ./chapters/2.rln-protocol/images/6.a_0_interpolation.png  used on input line 37.
(pdftex.def)             Requested size: 312.9803pt x 253.99579pt.
) (/home/leo/mine/projects/bachelor-thesis/tex/chapters/2.rln-protocol/sections/slashing.tex)) (/home/leo/mine/projects/bachelor-thesis/tex/chapters/3.poc/poc.tex [35 <./chapters/2.rln-protocol/images/6.a_0_interpolation.png>] [36]
Capitolo 3.

Underfull \vbox (badness 1838) has occurred while \output is active []

 [37

] [38]
<./chapters/3.poc/images/1.merkle_proof.png, id=576, 1037.8775pt x 1029.8475pt>
File: ./chapters/3.poc/images/1.merkle_proof.png Graphic file (type png)
<use ./chapters/3.poc/images/1.merkle_proof.png>
Package pdftex.def Info: ./chapters/3.poc/images/1.merkle_proof.png  used on input line 61.
(pdftex.def)             Requested size: 341.43306pt x 338.79788pt.
 [39

 <./chapters/3.poc/images/1.merkle_proof.png>]
<./chapters/3.poc/images/2.1.verify_shares.png, id=583, 1074.0125pt x 817.0525pt>
File: ./chapters/3.poc/images/2.1.verify_shares.png Graphic file (type png)
<use ./chapters/3.poc/images/2.1.verify_shares.png>
Package pdftex.def Info: ./chapters/3.poc/images/2.1.verify_shares.png  used on input line 81.
(pdftex.def)             Requested size: 312.9803pt x 238.0986pt.
<./chapters/3.poc/images/2.2.verify_shares.png, id=584, 1130.2225pt x 969.6225pt>
File: ./chapters/3.poc/images/2.2.verify_shares.png Graphic file (type png)
<use ./chapters/3.poc/images/2.2.verify_shares.png>
Package pdftex.def Info: ./chapters/3.poc/images/2.2.verify_shares.png  used on input line 89.
(pdftex.def)             Requested size: 312.9803pt x 268.50381pt.
 [40

 <./chapters/3.poc/images/2.1.verify_shares.png> <./chapters/3.poc/images/2.2.verify_shares.png>]
<./chapters/3.poc/images/3.1.Server.png, id=592, 935.495pt x 847.165pt>
File: ./chapters/3.poc/images/3.1.Server.png Graphic file (type png)
<use ./chapters/3.poc/images/3.1.Server.png>
Package pdftex.def Info: ./chapters/3.poc/images/3.1.Server.png  used on input line 132.
(pdftex.def)             Requested size: 256.0748pt x 231.89171pt.

Underfull \vbox (badness 1609) has occurred while \output is active []

 [41]
<./chapters/3.poc/images/3.2.Server.png, id=597, 1118.1775pt x 1059.96pt>
File: ./chapters/3.poc/images/3.2.Server.png Graphic file (type png)
<use ./chapters/3.poc/images/3.2.Server.png>
Package pdftex.def Info: ./chapters/3.poc/images/3.2.Server.png  used on input line 145.
(pdftex.def)             Requested size: 284.52756pt x 269.71205pt.
<./chapters/3.poc/images/4.1.client.png, id=598, 935.495pt x 877.2775pt>
File: ./chapters/3.poc/images/4.1.client.png Graphic file (type png)
<use ./chapters/3.poc/images/4.1.client.png>
Package pdftex.def Info: ./chapters/3.poc/images/4.1.client.png  used on input line 162.
(pdftex.def)             Requested size: 312.9803pt x 293.50493pt.
 [42 <./chapters/3.poc/images/3.1.server.png> <./chapters/3.poc/images/3.2.server.png>]
<./chapters/3.poc/images/4.2.client.png, id=605, 1262.7175pt x 1698.345pt>
File: ./chapters/3.poc/images/4.2.client.png Graphic file (type png)
<use ./chapters/3.poc/images/4.2.client.png>
Package pdftex.def Info: ./chapters/3.poc/images/4.2.client.png  used on input line 179.
(pdftex.def)             Requested size: 312.9803pt x 420.95717pt.
 [43 <./chapters/3.poc/images/4.1.client.png>]
<./chapters/3.poc/images/5.1.bench.png, id=613, 795.189pt x 242.214pt>
File: ./chapters/3.poc/images/5.1.bench.png Graphic file (type png)
<use ./chapters/3.poc/images/5.1.bench.png>
Package pdftex.def Info: ./chapters/3.poc/images/5.1.bench.png  used on input line 200.
(pdftex.def)             Requested size: 426.79134pt x 130.00269pt.
 [44 <./chapters/3.poc/images/4.2.client.png>]
<./chapters/3.poc/images/5.2.bench.png, id=619, 795.189pt x 242.214pt>
File: ./chapters/3.poc/images/5.2.bench.png Graphic file (type png)
<use ./chapters/3.poc/images/5.2.bench.png>
Package pdftex.def Info: ./chapters/3.poc/images/5.2.bench.png  used on input line 214.
(pdftex.def)             Requested size: 426.79134pt x 130.00269pt.
) (/home/leo/mine/projects/bachelor-thesis/tex/chapters/4.conclusion/conclusion.tex [45 <./chapters/3.poc/images/5.1.bench.png> <./chapters/3.poc/images/5.2.bench.png>] [46

]
Underfull \vbox (badness 10000) has occurred while \output is active []

 [47]) (/home/leo/mine/projects/bachelor-thesis/tex/chapters/5.thanks/thanks.tex [48]) [49

] [50

]
Overfull \hbox (15.24272pt too wide) in paragraph at lines 71--71
[]\T1/cmr/m/it/12 Interactive proof sy-stem\T1/cmr/m/n/12 . \T1/cmr/m/sc/12 url\T1/cmr/m/n/12 : []$\T1/cmtt/m/n/12 https : / / en . wikipedia . org / wiki / Interactive _
 []


Overfull \hbox (3.66049pt too wide) in paragraph at lines 71--71
[]\T1/cmr/m/n/12 Vitalik Bu-te-rin. ^^S  How do tru-sted se-tups work?^^T In: (). \T1/cmr/m/sc/12 url\T1/cmr/m/n/12 : []$\T1/cmtt/m/n/12 https : / / vitalik .
 []


Overfull \hbox (4.93811pt too wide) in paragraph at lines 71--71
[]\T1/cmr/m/n/12 Vitalik Bu-te-rin. ^^S  tru-sted mo-dels^^T. In: (). \T1/cmr/m/sc/12 url\T1/cmr/m/n/12 : []$\T1/cmtt/m/n/12 https : / / vitalik . ca / general /
 []

[51]
Overfull \hbox (15.47067pt too wide) in paragraph at lines 71--71
[]\T1/cmr/m/it/12 RLN (Rate-Limiting Nul-li-fier) Docs\T1/cmr/m/n/12 . \T1/cmr/m/sc/12 url\T1/cmr/m/n/12 : []$\T1/cmtt/m/n/12 https : / / rate -[] limiting -[] nullifier .
 []

Package atveryend Info: Empty hook `BeforeClearDocument' on input line 72.
[52]
Package atveryend Info: Empty hook `AfterLastShipout' on input line 72.
 (/home/leo/mine/projects/bachelor-thesis/tex/thesis.aux)
Package atveryend Info: Executing hook `AtVeryEndDocument' on input line 72.
Package atveryend Info: Executing hook `AtEndAfterFileList' on input line 72.
Package rerunfilecheck Info: File `thesis.out' has not changed.
(rerunfilecheck)             Checksum: BCBA45DD10DFB172243958C312036F63;1506.
Package logreq Info: Writing requests to 'thesis.run.xml'.
\openout1 = `thesis.run.xml'.

 ) 
Here is how much of TeX's memory you used:
 18706 strings out of 481239
 320383 string characters out of 5920378
 773398 words of memory out of 5000000
 33425 multiletter control sequences out of 15000+600000
 551060 words of font info for 68 fonts, out of 8000000 for 9000
 1141 hyphenation exceptions out of 8191
 48i,18n,55p,922b,2320s stack positions out of 5000i,500n,10000p,200000b,80000s
{/usr/share/texmf/fonts/enc/dvips/cm-super/cm-super-t1.enc}{/usr/share/texmf/fonts/enc/dvips/cm-super/cm-super-ts1.enc}</usr/share/texlive/texmf-dist/fonts/type1/public/amsfonts/cm/cmbx10.pfb></usr/share/texlive/texmf-dist/fonts/type1/public/amsfonts/cm/cmbx12.pfb></usr/share/texlive/texmf-dist/fonts/type1/public/amsfonts/cm/cmcsc10.pfb></usr/share/texlive/texmf-dist/fonts/type1/public/amsfonts/cm/cmex10.pfb></usr/share/texlive/texmf-dist/fonts/type1/public/amsfonts/cm/cmmi12.pfb></usr/share/texlive/texmf-dist/fonts/type1/public/amsfonts/cm/cmmi8.pfb></usr/share/texlive/texmf-dist/fonts/type1/public/amsfonts/cm/cmr12.pfb></usr/share/texlive/texmf-dist/fonts/type1/public/amsfonts/cm/cmr8.pfb></usr/share/texlive/texmf-dist/fonts/type1/public/amsfonts/cm/cmsy10.pfb></usr/share/texlive/texmf-dist/fonts/type1/public/amsfonts/symbols/msbm10.pfb></usr/share/texmf/fonts/type1/public/cm-super/sfbx1200.pfb></usr/share/texmf/fonts/type1/public/cm-super/sfbx1440.pfb></usr/share/texmf/fonts/type1/public/cm-super/sfbx1728.pfb></usr/share/texmf/fonts/type1/public/cm-super/sfbx2488.pfb></usr/share/texmf/fonts/type1/public/cm-super/sfcc1200.pfb></usr/share/texmf/fonts/type1/public/cm-super/sfrm0700.pfb></usr/share/texmf/fonts/type1/public/cm-super/sfrm0800.pfb></usr/share/texmf/fonts/type1/public/cm-super/sfrm1000.pfb></usr/share/texmf/fonts/type1/public/cm-super/sfrm1200.pfb></usr/share/texmf/fonts/type1/public/cm-super/sfsl1200.pfb></usr/share/texmf/fonts/type1/public/cm-super/sfti1200.pfb></usr/share/texmf/fonts/type1/public/cm-super/sftt1000.pfb></usr/share/texmf/fonts/type1/public/cm-super/sftt1200.pfb>
Output written on /home/leo/mine/projects/bachelor-thesis/tex/thesis.pdf (52 pages, 2514751 bytes).
PDF statistics:
 798 PDF objects out of 1000 (max. 8388607)
 639 compressed objects within 7 object streams
 165 named destinations out of 1000 (max. 500000)
 384 words of extra memory for PDF output out of 10000 (max. 10000000)

