\BOOKMARK [0][-]{chapter*.3}{Elenco delle figure}{}% 1
\BOOKMARK [0][-]{chapter*.4}{Introduzione}{}% 2
\BOOKMARK [0][-]{chapter.1}{Stato dell\220arte}{}% 3
\BOOKMARK [1][-]{section.1.1}{Denial-of-Service \(DoS\)}{chapter.1}% 4
\BOOKMARK [1][-]{section.1.2}{zk-SNARK}{chapter.1}% 5
\BOOKMARK [2][-]{subsection.1.2.1}{Zero-Knowledge}{section.1.2}% 6
\BOOKMARK [2][-]{subsection.1.2.2}{Succinct}{section.1.2}% 7
\BOOKMARK [2][-]{subsection.1.2.3}{Non-Interactive}{section.1.2}% 8
\BOOKMARK [0][-]{chapter.2}{Analisi del protocollo RLN}{}% 9
\BOOKMARK [1][-]{section.2.1}{Strumenti}{chapter.2}% 10
\BOOKMARK [2][-]{subsection.2.1.1}{Alberi di Merkle}{section.2.1}% 11
\BOOKMARK [2][-]{subsection.2.1.2}{Nuove funzioni di hash}{section.2.1}% 12
\BOOKMARK [2][-]{subsection.2.1.3}{Nullifier}{section.2.1}% 13
\BOOKMARK [1][-]{section.2.2}{Registrazione}{chapter.2}% 14
\BOOKMARK [1][-]{section.2.3}{Interazione}{chapter.2}% 15
\BOOKMARK [1][-]{section.2.4}{Punizione}{chapter.2}% 16
\BOOKMARK [0][-]{chapter.3}{Prototipo}{}% 17
\BOOKMARK [0][-]{chapter.3}{Prototipo}{}% 18
\BOOKMARK [1][-]{section.3.1}{Tecnologie e struttura}{chapter.3}% 19
\BOOKMARK [1][-]{section.3.2}{Circuiti}{chapter.3}% 20
\BOOKMARK [1][-]{section.3.3}{Server}{chapter.3}% 21
\BOOKMARK [1][-]{section.3.4}{Client}{chapter.3}% 22
\BOOKMARK [1][-]{section.3.5}{Prestazioni}{chapter.3}% 23
\BOOKMARK [0][-]{chapter*.35}{Conclusioni}{}% 24
\BOOKMARK [0][-]{chapter*.36}{Ringraziamenti}{}% 25
\BOOKMARK [0][-]{chapter*.37}{Bibliografia}{}% 26
