\BOOKMARK [0][-]{chapter*.1}{\376\377\000I\000n\000t\000r\000o\000d\000u\000z\000i\000o\000n\000e}{}% 1
\BOOKMARK [0][-]{chapter.1}{\376\377\000S\000t\000a\000t\000o\000\040\000d\000e\000l\000l\000'\000a\000r\000t\000e}{}% 2
\BOOKMARK [1][-]{section.1.1}{\376\377\000D\000e\000n\000i\000a\000l\000-\000o\000f\000-\000S\000e\000r\000v\000i\000c\000e\000\040\000\050\000D\000o\000S\000\051}{chapter.1}% 3
\BOOKMARK [1][-]{section.1.2}{\376\377\000z\000k\000-\000S\000N\000A\000R\000K}{chapter.1}% 4
\BOOKMARK [2][-]{subsection.1.2.1}{\376\377\000Z\000e\000r\000o\000-\000K\000n\000o\000w\000l\000e\000d\000g\000e}{section.1.2}% 5
\BOOKMARK [0][-]{chapter.2}{\376\377\000A\000n\000a\000l\000i\000s\000i\000\040\000p\000r\000o\000g\000e\000t\000t\000u\000a\000l\000e}{}% 6
\BOOKMARK [1][-]{section.2.1}{\376\377\000M\000o\000d\000e\000l\000l\000i\000\040\000d\000i\000\040\000s\000i\000m\000i\000l\000a\000r\000i\000t\000\340\000\040\000t\000r\000a\000\040\000p\000a\000s\000s\000w\000o\000r\000d\000\040\000b\000a\000s\000a\000t\000i\000\040\000s\000u\000l\000l\000e\000\040\000r\000e\000t\000i\000\040\000n\000e\000u\000r\000a\000l\000i}{chapter.2}% 7
\BOOKMARK [1][-]{section.2.2}{\376\377\000P\000r\000e\000r\000e\000q\000u\000i\000s\000i\000t\000i}{chapter.2}% 8
\BOOKMARK [1][-]{section.2.3}{\376\377\000S\000t\000r\000a\000t\000e\000g\000i\000e\000\040\000d\000i\000\040\000a\000t\000t\000a\000c\000c\000o\000:\000\040\000p\000a\000s\000s\0002\000p\000a\000t\000h}{chapter.2}% 9
\BOOKMARK [2][-]{subsection.2.3.1}{\376\377\000E\000u\000r\000i\000s\000t\000i\000c\000h\000e\000\040\000e\000\040\000a\000p\000p\000a\000r\000t\000e\000n\000t\000e\000n\000z\000a\000\040\000d\000i\000\040\000p\000a\000s\000s\000w\000o\000r\000d}{section.2.3}% 10
\BOOKMARK [2][-]{subsection.2.3.2}{\376\377\000I\000n\000t\000r\000o\000d\000u\000z\000i\000o\000n\000e\000\040\000a\000\040\000p\000a\000s\000s\0002\000p\000a\000t\000h}{section.2.3}% 11
\BOOKMARK [2][-]{subsection.2.3.3}{\376\377\000C\000o\000m\000e\000\040\000a\000l\000l\000e\000n\000a\000r\000e\000\040\000p\000a\000s\000s\0002\000p\000a\000t\000h}{section.2.3}% 12
\BOOKMARK [2][-]{subsection.2.3.4}{\376\377\000E\000f\000f\000i\000c\000a\000c\000i\000a\000\040\000d\000'\000a\000t\000t\000a\000c\000c\000o\000\040\000c\000o\000n\000\040\000c\000o\000n\000f\000i\000g\000u\000r\000a\000z\000i\000o\000n\000i\000\040\000n\000o\000n\000\040\000r\000i\000p\000e\000t\000u\000t\000e}{section.2.3}% 13
\BOOKMARK [2][-]{subsection.2.3.5}{\376\377\000E\000f\000f\000i\000c\000a\000c\000i\000a\000\040\000d\000'\000a\000t\000t\000a\000c\000c\000o\000\040\000c\000o\000n\000\040\000c\000o\000n\000f\000i\000g\000u\000r\000a\000z\000i\000o\000n\000i\000\040\000r\000i\000p\000e\000t\000u\000t\000e}{section.2.3}% 14
\BOOKMARK [1][-]{section.2.4}{\376\377\000D\000i\000f\000e\000s\000a}{chapter.2}% 15
\BOOKMARK [2][-]{subsection.2.4.1}{\376\377\000D\000i\000f\000e\000s\000a\000\040\000d\000a\000\040\000a\000t\000t\000a\000c\000c\000h\000i\000\040\000a\000\040\000d\000i\000z\000i\000o\000n\000a\000r\000i\000o\000\040\000m\000i\000r\000a\000t\000i}{section.2.4}% 16
\BOOKMARK [2][-]{subsection.2.4.2}{\376\377\000P\000e\000r\000s\000o\000n\000a\000l\000i\000z\000e\000d\000\040\000p\000a\000s\000s\000w\000o\000r\000d\000\040\000s\000t\000r\000e\000n\000g\000t\000h\000\040\000m\000e\000t\000e\000r\000s}{section.2.4}% 17
\BOOKMARK [2][-]{subsection.2.4.3}{\376\377\000R\000e\000a\000l\000i\000z\000z\000a\000z\000i\000o\000n\000e\000\040\000d\000i\000\040\000u\000n\000\040\000P\000P\000S\000M}{section.2.4}% 18
\BOOKMARK [2][-]{subsection.2.4.4}{\376\377\000S\000i\000m\000i\000l\000a\000r\000i\000t\000\340\000\040\000t\000r\000a\000\040\000p\000a\000s\000s\000w\000o\000r\000d\000\040\000v\000i\000a\000\040\000w\000o\000r\000d\000\040\000e\000m\000b\000e\000d\000d\000i\000n\000g}{section.2.4}% 19
\BOOKMARK [2][-]{subsection.2.4.5}{\376\377\000A\000l\000l\000e\000n\000a\000m\000e\000n\000t\000o\000\040\000d\000i\000\040\000F\000a\000s\000t\000t\000e\000x\000t}{section.2.4}% 20
\BOOKMARK [2][-]{subsection.2.4.6}{\376\377\000C\000l\000a\000s\000s\000i\000f\000i\000c\000a\000z\000i\000o\000n\000e\000\040\000d\000e\000l\000l\000e\000\040\000p\000a\000s\000s\000w\000o\000r\000d}{section.2.4}% 21
\BOOKMARK [2][-]{subsection.2.4.7}{\376\377\000M\000o\000d\000e\000l\000l\000i\000\040\000c\000o\000m\000p\000r\000e\000s\000s\000i\000\040\000d\000i\000\040\000w\000o\000r\000d\000\040\000e\000m\000b\000e\000d\000d\000i\000n\000g}{section.2.4}% 22
\BOOKMARK [1][-]{section.2.5}{\376\377\000M\000o\000d\000i\000f\000i\000c\000h\000e\000\040\000e\000\040\000a\000n\000a\000l\000i\000s\000i\000\040\000d\000e\000l\000\040\000p\000r\000o\000g\000e\000t\000t\000o}{chapter.2}% 23
\BOOKMARK [0][-]{chapter*.12}{\376\377\000B\000i\000b\000l\000i\000o\000g\000r\000a\000f\000i\000a}{}% 24
